<?xml version="1.0" encoding="UTF-8"?>
<!-- Generated by org.testng.reporters.JUnitXMLReporter -->
<testsuite ignored="0" hostname="PC-LONGNGUYEN" failures="1" tests="2" name="Run on Chrome" time="14.712" errors="0" timestamp="06 Feb 2023 08:03:25 GMT">
  <testcase classname="com.nopcommerce.user.Level_15_ExtendReport_AttScreenshot" name="User_01_Register" time="4.187"/>
  <testcase classname="com.nopcommerce.user.Level_15_ExtendReport_AttScreenshot" name="User_02_Login" time="2.513">
    <failure type="java.lang.AssertionError" message="expected [false] but found [true]">
      <![CDATA[java.lang.AssertionError: expected [false] but found [true]
at com.nopcommerce.user.Level_15_ExtendReport_AttScreenshot.User_02_Login(Level_15_ExtendReport_AttScreenshot.java:130)
... Removed 33 stack frames]]>
    </failure>
  </testcase> <!-- User_02_Login -->
</testsuite> <!-- Run on Chrome -->
